<?xml version="1.0" encoding="UTF-8"?>
<!-- Generated by org.testng.reporters.JUnitReportReporter -->
<testsuite hostname="hp" failures="0" tests="1" name="com.inetbanking.TestCases.TC_LoginTest_001" time="4.278" errors="0" timestamp="2020-04-23T12:30:05 IST" skipped="0">
  <testcase classname="com.inetbanking.TestCases.TC_LoginTest_001" name="LoginTest" time="4.278"/>
  <system-out/>
</testsuite> <!-- com.inetbanking.TestCases.TC_LoginTest_001 -->
